C51 COMPILER V9.57.0.0   DEMO1                                                             04/15/2021 08:59:38 PAGE 1   


C51 COMPILER V9.57.0.0, COMPILATION OF MODULE DEMO1
OBJECT MODULE PLACED IN .\Objects\demo1.obj
COMPILER INVOKED BY: C:\Keil_v5\C51\BIN\C51.EXE demo1.c OPTIMIZE(8,SPEED) BROWSE DEBUG OBJECTEXTEND PRINT(.\Listings\dem
                    -o1.lst) TABS(2) OBJECT(.\Objects\demo1.obj)

line level    source

   1          #include "AT89X52.H"  
   2          void main(){
   3   1        char  a=-3,b=0,c=5; 
   4   1        unsigned char  d=0x0f;
   5   1        static char  i; 
   6   1       loop:  
   7   1         i=-a;       
   8   1         i=-c;       
   9   1         P1_0=!P1_0; 
  10   1         i=!b;       
  11   1         i=!c;       
  12   1         P1=~d;      
  13   1       goto loop;
  14   1      }


MODULE INFORMATION:   STATIC OVERLAYABLE
   CODE SIZE        =     70    ----
   CONSTANT SIZE    =   ----    ----
   XDATA SIZE       =   ----    ----
   PDATA SIZE       =   ----    ----
   DATA SIZE        =      1    ----
   IDATA SIZE       =   ----    ----
   BIT SIZE         =   ----    ----
END OF MODULE INFORMATION.


C51 COMPILATION COMPLETE.  0 WARNING(S),  0 ERROR(S)
