C51 COMPILER V9.57.0.0   DEMO5                                                             04/29/2021 10:39:08 PAGE 1   


C51 COMPILER V9.57.0.0, COMPILATION OF MODULE DEMO5
OBJECT MODULE PLACED IN .\Objects\demo5.obj
COMPILER INVOKED BY: C:\Keil_v5\C51\BIN\C51.EXE demo5.c OPTIMIZE(8,SPEED) BROWSE DEBUG OBJECTEXTEND PRINT(.\Listings\dem
                    -o5.lst) TABS(2) OBJECT(.\Objects\demo5.obj)

line level    source

   1          #include "AT89X52.H"
   2          
   3          
   4          sfr LED = 0x80;
   5          
   6          
   7          void main(){
   8   1        char i=0, sum=0;
   9   1        
  10   1        while(++i){
  11   2          if(i%2)continue;
  12   2          if(i==6)break;
  13   2          sum+=i;
  14   2        }
  15   1        LED = sum;
  16   1        for(;;);
  17   1      }


MODULE INFORMATION:   STATIC OVERLAYABLE
   CODE SIZE        =     54    ----
   CONSTANT SIZE    =   ----    ----
   XDATA SIZE       =   ----    ----
   PDATA SIZE       =   ----    ----
   DATA SIZE        =   ----    ----
   IDATA SIZE       =   ----    ----
   BIT SIZE         =   ----    ----
END OF MODULE INFORMATION.


C51 COMPILATION COMPLETE.  0 WARNING(S),  0 ERROR(S)
