C51 COMPILER V9.57.0.0   DEMO3                                                             04/29/2021 09:54:19 PAGE 1   


C51 COMPILER V9.57.0.0, COMPILATION OF MODULE DEMO3
OBJECT MODULE PLACED IN .\Objects\demo3.obj
COMPILER INVOKED BY: C:\Keil_v5\C51\BIN\C51.EXE demo3.c OPTIMIZE(8,SPEED) BROWSE DEBUG OBJECTEXTEND PRINT(.\Listings\dem
                    -o3.lst) TABS(2) OBJECT(.\Objects\demo3.obj)

line level    source

   1          #include "AT89X52.H"
   2          
   3          sfr LED = 0x90;
   4          
   5          void main(){
   6   1        unsigned char i=0;
   7   1        while(1){
   8   2          while(i<8){
   9   3            LED = i++;
  10   3          }
  11   2          i=0;
  12   2        }
  13   1      }


MODULE INFORMATION:   STATIC OVERLAYABLE
   CODE SIZE        =     41    ----
   CONSTANT SIZE    =   ----    ----
   XDATA SIZE       =   ----    ----
   PDATA SIZE       =   ----    ----
   DATA SIZE        =   ----    ----
   IDATA SIZE       =   ----    ----
   BIT SIZE         =   ----    ----
END OF MODULE INFORMATION.


C51 COMPILATION COMPLETE.  0 WARNING(S),  0 ERROR(S)
