C51 COMPILER V9.57.0.0   WORK1                                                             04/29/2021 09:24:17 PAGE 1   


C51 COMPILER V9.57.0.0, COMPILATION OF MODULE WORK1
OBJECT MODULE PLACED IN .\Objects\work1.obj
COMPILER INVOKED BY: C:\Keil_v5\C51\BIN\C51.EXE work1.c OPTIMIZE(8,SPEED) BROWSE DEBUG OBJECTEXTEND PRINT(.\Listings\wor
                    -k1.lst) TABS(2) OBJECT(.\Objects\work1.obj)

line level    source

   1          #include "AT89X52.H"
   2          
   3          sfr LED=0x80;
   4          
   5          void main(){
   6   1        char i;
   7   1        loop:
   8   1          LED=((i/10)<<4)+(i%10);
   9   1          ++i;
  10   1          if(i<100)goto loop;
  11   1          i=0;
  12   1          goto loop;
  13   1      }


MODULE INFORMATION:   STATIC OVERLAYABLE
   CODE SIZE        =     64    ----
   CONSTANT SIZE    =   ----    ----
   XDATA SIZE       =   ----    ----
   PDATA SIZE       =   ----    ----
   DATA SIZE        =   ----       1
   IDATA SIZE       =   ----    ----
   BIT SIZE         =   ----    ----
END OF MODULE INFORMATION.


C51 COMPILATION COMPLETE.  0 WARNING(S),  0 ERROR(S)
