C51 COMPILER V9.57.0.0   WORK2                                                             03/25/2021 10:51:09 PAGE 1   


C51 COMPILER V9.57.0.0, COMPILATION OF MODULE WORK2
OBJECT MODULE PLACED IN .\Objects\work2.obj
COMPILER INVOKED BY: C:\Keil_v5\C51\BIN\C51.EXE work2.c OPTIMIZE(8,SPEED) BROWSE DEBUG OBJECTEXTEND PRINT(.\Listings\wor
                    -k2.lst) TABS(2) OBJECT(.\Objects\work2.obj)

line level    source

   1          #include "AT89X52.h"
   2          
   3          void main() {
   4   1        uint8 i = 250;
   5   1        int8 j= -120;
   6   1        uint16 k = 65530;
   7   1        uint32 l = 0x12345678;
   8   1        fp32 m = 1.02;
   9   1        loop:
  10   1          i++;
  11   1          ++j;
  12   1          ++k;
  13   1          l++;
  14   1          m+=0.01;
  15   1        goto loop;
  16   1      }


MODULE INFORMATION:   STATIC OVERLAYABLE
   CODE SIZE        =    120    ----
   CONSTANT SIZE    =   ----    ----
   XDATA SIZE       =   ----    ----
   PDATA SIZE       =   ----    ----
   DATA SIZE        =   ----      12
   IDATA SIZE       =   ----    ----
   BIT SIZE         =   ----    ----
END OF MODULE INFORMATION.


C51 COMPILATION COMPLETE.  0 WARNING(S),  0 ERROR(S)
