C51 COMPILER V9.57.0.0   WORK1                                                             03/25/2021 11:07:51 PAGE 1   


C51 COMPILER V9.57.0.0, COMPILATION OF MODULE WORK1
OBJECT MODULE PLACED IN .\Objects\work1.obj
COMPILER INVOKED BY: C:\Keil_v5\C51\BIN\C51.EXE work1.c OPTIMIZE(8,SPEED) BROWSE DEBUG OBJECTEXTEND PRINT(.\Listings\wor
                    -k1.lst) TABS(2) OBJECT(.\Objects\work1.obj)

line level    source

   1          //*********LED.C*********專案程式執行********************
   2          //功能︰令變數遞加及P2輸出延時
   3          //模擬：開啟Watch及P2視窗，設中斷點，觀察變數的動作
   4          //********************************************************
   5          #include "AT89X52.H"   //暫存器及組態設定
   6          
   7          unsigned char code Table[] = {0x11111111, 0x06, 0x5b, 0x4f, 0x66, 0x6d, 0x7d, 0x07, 0x7f, 0x6f, 0x77, 0x7c
             -, 0x39, 0x5e, 0x79, 0x71};
   8          
   9          main()            //主程式
  10          {                 //主程式開始   
  11   1          unsigned char  i=1, j=0;  //計數變數0~255
  12   1          P1 = 0xf0;
  13   1          loop:           //標記名稱
  14   1           if(i>=256 || i==0)i=1;
  15   1           if(j>=16) j=0;
  16   1           
  17   1           P0=~Table[0];        //變數i送到P2輸出(設中斷點)
  18   1           P1=~Table[0];
  19   1           Delay_ms(500); //延時函數式
  20   1           
  21   1           i=i<<1;        //變數加一  
  22   1           j++;
  23   1           goto loop;   //跳到標記loop
  24   1      }


MODULE INFORMATION:   STATIC OVERLAYABLE
   CODE SIZE        =     73    ----
   CONSTANT SIZE    =     16    ----
   XDATA SIZE       =   ----    ----
   PDATA SIZE       =   ----    ----
   DATA SIZE        =   ----    ----
   IDATA SIZE       =   ----    ----
   BIT SIZE         =   ----    ----
END OF MODULE INFORMATION.


C51 COMPILATION COMPLETE.  0 WARNING(S),  0 ERROR(S)
