C51 COMPILER V8.09   UART1                                                                 03/17/2008 17:18:15 PAGE 1   


C51 COMPILER V8.09, COMPILATION OF MODULE UART1
OBJECT MODULE PLACED IN UART1.OBJ
COMPILER INVOKED BY: C:\Keil\C51\BIN\C51.EXE UART1.C BROWSE DEBUG OBJECTEXTEND

line level    source

   1          /********** UART1.c *****MODE1串列發射****************
   2          *動作：陣列字元由TXD腳以UART格式傳輸至個人電腦
   3          *****************************************************/
   4          #include "..\AT89X52.H"   //暫存器及組態定義
   5          char code TABLE[]={"歡迎參觀\n"};//陣列字元中文資料及跳行
   6          //char code TABLE[]={"HELLO!!"}; //陣列字元資料
   7          
   8          main()
   9          {
  10   1        char *s ;              //宣告指標變數
  11   1        UART_init(9600); //UART啟始程式，設定串列環境及鮑率
  12   1        while(1)
  13   1         {
  14   2               for(s=TABLE;*s != '\0' ;)//陣列字元計數值
  15   2                {
  16   3                 SBUF=*s++ ;  //陣列字元送到SBUF，開始發射
  17   3                 while(TI==0); //若TI=0表示未發射完畢，再繼續檢查
  18   3                 TI=0 ;         //若TI=1表示已發射完畢，令TI=0  
  19   3                }
  20   2               Delay_ms(100);     //延時
  21   2         }
  22   1      }
  23          /***********************************************************
  24          *函數名稱: UART_init
  25          *功能描述: UART啟始程式
  26          *輸入參數：bps
  27          ************************************************************/
  28          void UART_init(unsigned int bps)  //UART啟始程式
  29          {
  30   1         SCON = 0x50;     //設定UART串列傳輸為MODE1及致能接收
  31   1         TMOD = 0x20;     //設定TIMER1為MODE2
  32   1         TH1=TL1=256-(28800/bps);  //設計時器決定串列傳輸鮑率
  33   1         TR1 = 1;          //開始計時
  34   1      }


MODULE INFORMATION:   STATIC OVERLAYABLE
   CODE SIZE        =    107    ----
   CONSTANT SIZE    =     10    ----
   XDATA SIZE       =   ----    ----
   PDATA SIZE       =   ----    ----
   DATA SIZE        =   ----       3
   IDATA SIZE       =   ----    ----
   BIT SIZE         =   ----    ----
END OF MODULE INFORMATION.


C51 COMPILATION COMPLETE.  0 WARNING(S),  0 ERROR(S)
