C51 COMPILER V9.57.0.0   DEMO2                                                             04/08/2021 10:52:22 PAGE 1   


C51 COMPILER V9.57.0.0, COMPILATION OF MODULE DEMO2
OBJECT MODULE PLACED IN .\Objects\demo2.obj
COMPILER INVOKED BY: C:\Keil_v5\C51\BIN\C51.EXE demo2.c OPTIMIZE(8,SPEED) BROWSE DEBUG OBJECTEXTEND PRINT(.\Listings\dem
                    -o2.lst) TABS(2) OBJECT(.\Objects\demo2.obj)

line level    source

   1          #include "AT89X52.H"
   2          
   3          // char TABLE[8]={0x01, 0x02, 0x04, 0x08, 0x10, 0x20, 0x40, 0x80};
   4          
   5          #include "TABLE8.H"
   6          
   7          sfr LED = 0x80;
   8          
   9          main() {
  10   1        unsigned char i=0;
  11   1        loop:
  12   1          LED=TABLE[i++];
  13   1          Delay_ms(500);
  14   1        goto loop;
  15   1      }


MODULE INFORMATION:   STATIC OVERLAYABLE
   CODE SIZE        =     43    ----
   CONSTANT SIZE    =    256    ----
   XDATA SIZE       =   ----    ----
   PDATA SIZE       =   ----    ----
   DATA SIZE        =   ----    ----
   IDATA SIZE       =   ----    ----
   BIT SIZE         =   ----    ----
END OF MODULE INFORMATION.


C51 COMPILATION COMPLETE.  0 WARNING(S),  0 ERROR(S)
