C51 COMPILER V9.57.0.0   DEMO1                                                             04/08/2021 10:02:08 PAGE 1   


C51 COMPILER V9.57.0.0, COMPILATION OF MODULE DEMO1
OBJECT MODULE PLACED IN .\Objects\demo1.obj
COMPILER INVOKED BY: C:\Keil_v5\C51\BIN\C51.EXE demo1.c OPTIMIZE(8,SPEED) BROWSE DEBUG OBJECTEXTEND PRINT(.\Listings\dem
                    -o1.lst) TABS(2) OBJECT(.\Objects\demo1.obj)

line level    source

   1          #include "AT89X52.H"
   2          // 這裡都要宣告成全域變數
   3          // sfr P0=0x80;
   4          // sfr P1=0x90;
   5          // sfr P2=0xA0;
   6          // sfr P3=0xB0;
   7          sfr16 Timer2=0xCC;
   8          // sbit P0_0 = 0x80; 
   9          // sbit P0_1 = 0x81; //0x80的第二個位元(P0_1=0x80'1);
  10          // sbit P0_2 = 0x80;
  11          //////////////////////////
  12          
  13          /*
  14          void test(void) {
  15            static char i = 10;
  16            i = i + 1;
  17            P0 = i;
  18          }
  19          
  20          void test1(void){
  21            char j = 10;
  22            j = j + 1;
  23            P1 = j;
  24          }
  25          */
  26          
  27          extern void test(void);
  28          extern void test1(void);
  29          unsigned char k;
  30          
  31          main () {
  32   1        bit flag = 0;
  33   1        register unsigned char k = 0;
  34   1        loop:
  35   1          //flag=1;
  36   1          //P0=0x38;
  37   1          //P0_0=1;
  38   1          //P0_1=1;
  39   1          //Timer2=0xAABB;
  40   1          //flag=0;
  41   1          k=1;
  42   1          test();
  43   1          test1();
  44   1        goto loop;
  45   1      }


MODULE INFORMATION:   STATIC OVERLAYABLE
   CODE SIZE        =     38    ----
   CONSTANT SIZE    =   ----    ----
   XDATA SIZE       =   ----    ----
   PDATA SIZE       =   ----    ----
   DATA SIZE        =      1       1
   IDATA SIZE       =   ----    ----
C51 COMPILER V9.57.0.0   DEMO1                                                             04/08/2021 10:02:08 PAGE 2   

   BIT SIZE         =   ----       1
END OF MODULE INFORMATION.


C51 COMPILATION COMPLETE.  0 WARNING(S),  0 ERROR(S)
