C51 COMPILER V9.57.0.0   DEMOSUB                                                           04/08/2021 10:02:08 PAGE 1   


C51 COMPILER V9.57.0.0, COMPILATION OF MODULE DEMOSUB
OBJECT MODULE PLACED IN .\Objects\demosub.obj
COMPILER INVOKED BY: C:\Keil_v5\C51\BIN\C51.EXE demosub.c OPTIMIZE(8,SPEED) BROWSE DEBUG OBJECTEXTEND PRINT(.\Listings\d
                    -emosub.lst) TABS(2) OBJECT(.\Objects\demosub.obj)

line level    source

   1          extern unsigned char k;
   2          sfr P0=0x80;
   3          sfr P1=0x90;
   4          
   5          void test(void) {
   6   1        static char i = 10;
   7   1        // i = i + 1;
   8   1        // P0 = i;
   9   1        P0 = ++i;
  10   1        k=k+1;
  11   1      }
  12          
  13          void test1(void) {
  14   1        char j=10;
  15   1        j = j + 1;
  16   1        P1 = j;
  17   1      }


MODULE INFORMATION:   STATIC OVERLAYABLE
   CODE SIZE        =     14    ----
   CONSTANT SIZE    =   ----    ----
   XDATA SIZE       =   ----    ----
   PDATA SIZE       =   ----    ----
   DATA SIZE        =      1    ----
   IDATA SIZE       =   ----    ----
   BIT SIZE         =   ----    ----
END OF MODULE INFORMATION.


C51 COMPILATION COMPLETE.  0 WARNING(S),  0 ERROR(S)
