C51 COMPILER V9.57.0.0   DEMO1                                                             05/06/2021 09:48:47 PAGE 1   


C51 COMPILER V9.57.0.0, COMPILATION OF MODULE DEMO1
OBJECT MODULE PLACED IN .\Objects\demo1.obj
COMPILER INVOKED BY: C:\Keil_v5\C51\BIN\C51.EXE demo1.c OPTIMIZE(8,SPEED) BROWSE DEBUG OBJECTEXTEND PRINT(.\Listings\dem
                    -o1.lst) TABS(2) OBJECT(.\Objects\demo1.obj)

line level    source

   1          #include "../_8051/AT89X52.H"
   2          void beep(unsigned char i);
   3          sbit SPK=0xA6;
   4          sbit DO_BUTTON = 0xB2;
   5          
   6          unsigned char toBeep;
   7          
   8          void main(void) {
   9   1        while(1) {
  10   2          beep(1);
  11   2          Delay_ms(500);
  12   2          beep(2);
  13   2          Delay_ms(500);
  14   2          beep(3);
  15   2          Delay_ms(500);
  16   2        }
  17   1      }
  18          
  19          void beep(unsigned char j){
  20   1        unsigned int i;
  21   1        while(j--){
  22   2          for(i=0;i<=400;++i) {
  23   3            if(DO_BUTTON == 0){SPK = !SPK;}
  24   3            Delay_ms(1);
  25   3          }
  26   2          Delay_ms(200);
  27   2        }
  28   1        
  29   1      }


MODULE INFORMATION:   STATIC OVERLAYABLE
   CODE SIZE        =     96    ----
   CONSTANT SIZE    =   ----    ----
   XDATA SIZE       =   ----    ----
   PDATA SIZE       =   ----    ----
   DATA SIZE        =      1    ----
   IDATA SIZE       =   ----    ----
   BIT SIZE         =   ----    ----
END OF MODULE INFORMATION.


C51 COMPILATION COMPLETE.  0 WARNING(S),  0 ERROR(S)
