C51 COMPILER V9.57.0.0   DEMO2                                                             05/06/2021 10:06:52 PAGE 1   


C51 COMPILER V9.57.0.0, COMPILATION OF MODULE DEMO2
OBJECT MODULE PLACED IN .\Objects\demo2.obj
COMPILER INVOKED BY: C:\Keil_v5\C51\BIN\C51.EXE demo2.c OPTIMIZE(8,SPEED) BROWSE DEBUG OBJECTEXTEND PRINT(.\Listings\dem
                    -o2.lst) TABS(2) OBJECT(.\Objects\demo2.obj)

line level    source

   1          #include "../_8051/AT89X52.H"
   2          
   3          sfr LED = 0x80;
   4          sbit KEY = P3^2;
   5          
   6          void main(void) {
   7   1        LED=0;
   8   1        while(1){
   9   2          do{
  10   3            while(KEY==1);
  11   3            Delay_ms(20);
  12   3          }while(KEY==1);
  13   2          LED++;
  14   2          do{
  15   3            while(KEY==0);
  16   3            Delay_ms(20);
  17   3          }while(KEY==0);
  18   2        }
  19   1      }


MODULE INFORMATION:   STATIC OVERLAYABLE
   CODE SIZE        =     55    ----
   CONSTANT SIZE    =   ----    ----
   XDATA SIZE       =   ----    ----
   PDATA SIZE       =   ----    ----
   DATA SIZE        =   ----    ----
   IDATA SIZE       =   ----    ----
   BIT SIZE         =   ----    ----
END OF MODULE INFORMATION.


C51 COMPILATION COMPLETE.  0 WARNING(S),  0 ERROR(S)
