C51 COMPILER V9.57.0.0   DEMO2                                                             05/13/2021 11:00:52 PAGE 1   


C51 COMPILER V9.57.0.0, COMPILATION OF MODULE DEMO2
OBJECT MODULE PLACED IN .\Objects\demo2.obj
COMPILER INVOKED BY: C:\Keil_v5\C51\BIN\C51.EXE demo2.c OPTIMIZE(8,SPEED) BROWSE DEBUG OBJECTEXTEND PRINT(.\Listings\dem
                    -o2.lst) TABS(2) OBJECT(.\Objects\demo2.obj)

line level    source

   1          #include "../_8051/AT89X52.H"
   2          #include "../_8051/CH4/font4.h"
   3          
   4          sfr Data = 0x80;
   5          sfr Scan = 0x90;
   6          bit inver=0;
   7          void main(){
   8   1        unsigned char i, repeat, start;
   9   1        
  10   1        Scan = 0x7F;
  11   1        while(1){
  12   2          for(start=0;start<32;++start){
  13   3            for(repeat=0;repeat<10;++repeat){
  14   4              for(i=0;i<8;++i){
  15   5                Data = font4[start+i];
  16   5                Delay_ms(1);
  17   5                Data = 0xff;
  18   5                Scan = RR8(Scan)
  19   5              }
  20   4            }
  21   3          }
  22   2        }
  23   1      }


MODULE INFORMATION:   STATIC OVERLAYABLE
   CODE SIZE        =     76    ----
   CONSTANT SIZE    =     32    ----
   XDATA SIZE       =   ----    ----
   PDATA SIZE       =   ----    ----
   DATA SIZE        =   ----    ----
   IDATA SIZE       =   ----    ----
   BIT SIZE         =      1    ----
END OF MODULE INFORMATION.


C51 COMPILATION COMPLETE.  0 WARNING(S),  0 ERROR(S)
