C51 COMPILER V9.57.0.0   DEMO4                                                             04/15/2021 10:05:10 PAGE 1   


C51 COMPILER V9.57.0.0, COMPILATION OF MODULE DEMO4
OBJECT MODULE PLACED IN .\Objects\demo4.obj
COMPILER INVOKED BY: C:\Keil_v5\C51\BIN\C51.EXE demo4.c OMF2 OPTIMIZE(8,SPEED) BROWSE DEBUG PRINT(.\Listings\demo4.lst) 
                    -TABS(2) OBJECT(.\Objects\demo4.obj)

line level    source

   1          #include "AT89X52.H"
   2          
   3          char count _at_ 0x10;
   4          
   5          main() {
   6   1        char *point, i;
   7   1        point = $count;
*** ERROR C141 IN LINE 7 OF demo4.c: syntax error near '$'
   8   1        loop:
   9   1          *point = i;
  10   1          P0 = count;
  11   1          i++;
  12   1        goto loop;
  13   1      }

C51 COMPILATION COMPLETE.  0 WARNING(S),  1 ERROR(S)
