C51 COMPILER V9.57.0.0   WORK1                                                             04/15/2021 09:18:58 PAGE 1   


C51 COMPILER V9.57.0.0, COMPILATION OF MODULE WORK1
OBJECT MODULE PLACED IN .\Objects\work1.obj
COMPILER INVOKED BY: C:\Keil_v5\C51\BIN\C51.EXE work1.c OMF2 OPTIMIZE(8,SPEED) BROWSE DEBUG PRINT(.\Listings\work1.lst) 
                    -TABS(2) OBJECT(.\Objects\work1.obj)

line level    source

   1          #include "AT89X52.H"
   2          void test1() {  //函數式1
   3   1        sfr P0=0x80;
*** ERROR C141 IN LINE 3 OF work1.c: syntax error near 'sfr'
   4   1        static char i=10; 
*** ERROR C141 IN LINE 4 OF work1.c: syntax error near 'static'
*** ERROR C202 IN LINE 4 OF work1.c: 'i': undefined identifier
   5   1        i=i+1; 
*** ERROR C202 IN LINE 5 OF work1.c: 'i': undefined identifier
   6   1        P0=i; 
*** ERROR C202 IN LINE 6 OF work1.c: 'i': undefined identifier
   7   1      } 
   8          void test2() { //函數式2
   9   1        sfr P1=0x90; 
*** ERROR C141 IN LINE 9 OF work1.c: syntax error near 'sfr'
  10   1        char j=10; 
*** ERROR C141 IN LINE 10 OF work1.c: syntax error near 'char'
*** ERROR C202 IN LINE 10 OF work1.c: 'j': undefined identifier
  11   1        j=j+1; 
*** ERROR C202 IN LINE 11 OF work1.c: 'j': undefined identifier
  12   1        P1=j; 
*** ERROR C202 IN LINE 12 OF work1.c: 'j': undefined identifier
  13   1      } 
  14          void test1(void); 
  15          void test2(void); 
  16          main() { //主程式
  17   1        loop: 
  18   1          test1();//進入函數式1 
  19   1          test2();//進入函數式2 
  20   1        goto loop; 
  21   1      } 

C51 COMPILATION COMPLETE.  0 WARNING(S),  10 ERROR(S)
