C51 COMPILER V9.57.0.0   WORK1_1                                                           04/15/2021 09:18:59 PAGE 1   


C51 COMPILER V9.57.0.0, COMPILATION OF MODULE WORK1_1
OBJECT MODULE PLACED IN .\Objects\work1_1.obj
COMPILER INVOKED BY: C:\Keil_v5\C51\BIN\C51.EXE work1_1.c OMF2 OPTIMIZE(8,SPEED) BROWSE DEBUG PRINT(.\Listings\work1_1.l
                    -st) TABS(2) OBJECT(.\Objects\work1_1.obj)

line level    source

   1          #include "AT89X52.H"  //既s竟の舱A]w  
   2          void test1() {  //ㄧ计Α1
   3   1        // sfr P0=0x80;
   4   1        static char i=10; 
   5   1        i=i+1; 
   6   1        P0=i; 
   7   1      } 
   8          void test2() { //ㄧ计Α2
   9   1        // sfr P1=0x90; 
  10   1        char j=10; 
  11   1        j=j+1; 
  12   1        P1=j; 
  13   1      } 
  14          void test1(void); 
  15          void test2(void); 
  16          void main() { //D{Α
  17   1        loop: 
  18   1          test1();//iJㄧ计Α1 
  19   1          test2();//iJㄧ计Α2 
  20   1        goto loop; 
  21   1      } 


MODULE INFORMATION:   STATIC OVERLAYABLE
   CODE SIZE        =     42    ----
   CONSTANT SIZE    =   ----    ----
   XDATA SIZE       =   ----    ----
   PDATA SIZE       =   ----    ----
   DATA SIZE        =      1    ----
   IDATA SIZE       =   ----    ----
   BIT SIZE         =   ----    ----
   EDATA SIZE       =   ----    ----
   HDATA SIZE       =   ----    ----
   XDATA CONST SIZE =   ----    ----
   FAR CONST SIZE   =   ----    ----
END OF MODULE INFORMATION.


C51 COMPILATION COMPLETE.  0 WARNING(S),  0 ERROR(S)
