C51 COMPILER V9.57.0.0   5_1                                                               05/20/2021 23:42:32 PAGE 1   


C51 COMPILER V9.57.0.0, COMPILATION OF MODULE 5_1
OBJECT MODULE PLACED IN .\Objects\5_1.obj
COMPILER INVOKED BY: C:\Keil_v5\C51\BIN\C51.EXE 5_1\5_1.c OPTIMIZE(8,SPEED) BROWSE DEBUG OBJECTEXTEND PRINT(.\Listings\5
                    -_1.lst) TABS(2) OBJECT(.\Objects\5_1.obj)

line level    source

   1          #include "AT89X52.H"
   2          
   3          void main(void) {
   4   1        unsigned char i=0;
   5   1        
   6   1        EA=1;
   7   1        EX0=1;
   8   1        while(1){
   9   2          P0=i;
  10   2          Delay_ms(50);
  11   2          i++;
  12   2        }
  13   1      }
  14          
  15          void EX0_int(void) interrupt 0{
  16   1        char i=0;
  17   1        unsigned int dly;
  18   1        for(i=0;i<5;++i){
  19   2          P0 = 0x00;
  20   2          for(dly=0;dly<20000;++dly);
  21   2          
  22   2          P0 = 0xff;
  23   2          for(dly=0;dly<20000;++dly);
  24   2        } 
  25   1      }


MODULE INFORMATION:   STATIC OVERLAYABLE
   CODE SIZE        =    105    ----
   CONSTANT SIZE    =   ----    ----
   XDATA SIZE       =   ----    ----
   PDATA SIZE       =   ----    ----
   DATA SIZE        =   ----    ----
   IDATA SIZE       =   ----    ----
   BIT SIZE         =   ----    ----
END OF MODULE INFORMATION.


C51 COMPILATION COMPLETE.  0 WARNING(S),  0 ERROR(S)
