C51 COMPILER V9.57.0.0   5_2                                                               05/20/2021 23:51:41 PAGE 1   


C51 COMPILER V9.57.0.0, COMPILATION OF MODULE 5_2
OBJECT MODULE PLACED IN .\Objects\5_2.obj
COMPILER INVOKED BY: C:\Keil_v5\C51\BIN\C51.EXE 5_2\5_2.c OPTIMIZE(8,SPEED) BROWSE DEBUG OBJECTEXTEND PRINT(.\Listings\5
                    -_2.lst) TABS(2) OBJECT(.\Objects\5_2.obj)

line level    source

   1          #include "AT89X52.H"
   2          
   3          sfr LED = 0x80;
   4          
   5          void main(void) {
   6   1        EA = 1;
   7   1        EX1 = 1;
   8   1        IT1 = 1;
   9   1        while(1);
  10   1      }
  11          
  12          void EX1_int(void) interrupt 2 {
  13   1        ++LED;
  14   1      }


MODULE INFORMATION:   STATIC OVERLAYABLE
   CODE SIZE        =     33    ----
   CONSTANT SIZE    =   ----    ----
   XDATA SIZE       =   ----    ----
   PDATA SIZE       =   ----    ----
   DATA SIZE        =   ----    ----
   IDATA SIZE       =   ----    ----
   BIT SIZE         =   ----    ----
END OF MODULE INFORMATION.


C51 COMPILATION COMPLETE.  0 WARNING(S),  0 ERROR(S)
